#
# An unexpected error has been detected by HotSpot Virtual Machine:
#
#  Internal Error (4A41564123414C4C530E4350500018), pid=7084, tid=7116
#
# Java VM: Java HotSpot(TM) Client VM (1.5.0_10-b03 mixed mode, sharing)

---------------  T H R E A D  ---------------

Current thread (0x00a0ffd8):  JavaThread "CompilerThread0" daemon [_thread_in_vm, id=7116]

Stack: [0x02b80000,0x02bc0000),  sp=0x02bbf6e0,  free space=253k
Native frames: (J=compiled Java code, j=interpreted, Vv=VM code, C=native code)
V  [jvm.dll+0x123343]
V  [jvm.dll+0x63a16]
V  [jvm.dll+0x86f58]
V  [jvm.dll+0x87542]
V  [jvm.dll+0xde804]
V  [jvm.dll+0x8744d]
V  [jvm.dll+0x8de03]
C  [awt.dll+0xb290a]
C  [MSVCRT.dll+0x1c3f9]
C  [MSVCRT.dll+0x1c42e]
V  [jvm.dll+0xdb143]
V  [jvm.dll+0x18a9]


Current CompileTask:
HotSpot Client Compiler: 34  !b  sun.nio.cs.ISO_8859_1$Decoder.decodeArrayLoop(Ljava/nio/ByteBuffer;Ljava/nio/CharBuffer;)Ljava/nio/charset/CoderResult; (263 bytes)


---------------  P R O C E S S  ---------------

Java Threads: ( => current thread )
  0x00a66268 JavaThread "Image Fetcher 3" daemon [_thread_blocked, id=7140]
  0x00a5eb20 JavaThread "AWT-Windows" daemon [_thread_in_native, id=7136]
  0x00a5e7a0 JavaThread "AWT-Shutdown" [_thread_blocked, id=7132]
  0x00a5d540 JavaThread "Java2D Disposer" daemon [_thread_blocked, id=7128]
  0x00a112c8 JavaThread "Low Memory Detector" daemon [_thread_blocked, id=7120]
=>0x00a0ffd8 JavaThread "CompilerThread0" daemon [_thread_in_vm, id=7116]
  0x00a0f288 JavaThread "Signal Dispatcher" daemon [_thread_blocked, id=6284]
  0x00a0a158 JavaThread "Finalizer" daemon [_thread_blocked, id=7112]
  0x0035fc90 JavaThread "Reference Handler" daemon [_thread_blocked, id=7108]
  0x00355e00 JavaThread "main" [_thread_blocked, id=7088]

Other Threads:
  0x009e72d8 VMThread [id=7104]
  0x00a12650 WatcherThread [id=7124]

VM state:not at safepoint (normal execution)

VM Mutex/Monitor currently owned by a thread: None

Heap
 def new generation   total 576K, used 568K [0x22a70000, 0x22b10000, 0x22f50000)
  eden space 512K,  98% used [0x22a70000, 0x22aee2c8, 0x22af0000)
  from space 64K, 100% used [0x22b00000, 0x22b10000, 0x22b10000)
  to   space 64K,   0% used [0x22af0000, 0x22af0000, 0x22b00000)
 tenured generation   total 1408K, used 208K [0x22f50000, 0x230b0000, 0x26a70000)
   the space 1408K,  14% used [0x22f50000, 0x22f84280, 0x22f84400, 0x230b0000)
 compacting perm gen  total 8192K, used 85K [0x26a70000, 0x27270000, 0x2aa70000)
   the space 8192K,   1% used [0x26a70000, 0x26a85588, 0x26a85600, 0x27270000)
    ro space 8192K,  63% used [0x2aa70000, 0x2af7eda8, 0x2af7ee00, 0x2b270000)
    rw space 12288K,  46% used [0x2b270000, 0x2b8112b8, 0x2b811400, 0x2be70000)

Dynamic libraries:
0x00400000 - 0x0040d000 	C:\Arquivos de programas\Java\jre1.5.0_10\bin\javaw.exe
0x7c900000 - 0x7c9b4000 	C:\WINDOWS\system32\ntdll.dll
0x7c800000 - 0x7c8fe000 	C:\WINDOWS\system32\kernel32.dll
0x77f50000 - 0x77ffb000 	C:\WINDOWS\system32\ADVAPI32.dll
0x77db0000 - 0x77e41000 	C:\WINDOWS\system32\RPCRT4.dll
0x77d20000 - 0x77db0000 	C:\WINDOWS\system32\USER32.dll
0x77e50000 - 0x77e96000 	C:\WINDOWS\system32\GDI32.dll
0x77bf0000 - 0x77c48000 	C:\WINDOWS\system32\MSVCRT.dll
0x6d630000 - 0x6d7cc000 	C:\Arquivos de programas\Java\jre1.5.0_10\bin\client\jvm.dll
0x76b20000 - 0x76b4e000 	C:\WINDOWS\system32\WINMM.dll
0x5d1d0000 - 0x5d1d7000 	C:\WINDOWS\system32\serwvdrv.dll
0x5b4f0000 - 0x5b4f7000 	C:\WINDOWS\system32\umdmxfrm.dll
0x6d280000 - 0x6d288000 	C:\Arquivos de programas\Java\jre1.5.0_10\bin\hpi.dll
0x76bd0000 - 0x76bdb000 	C:\WINDOWS\system32\PSAPI.DLL
0x6d600000 - 0x6d60c000 	C:\Arquivos de programas\Java\jre1.5.0_10\bin\verify.dll
0x6d300000 - 0x6d31d000 	C:\Arquivos de programas\Java\jre1.5.0_10\bin\java.dll
0x6d620000 - 0x6d62f000 	C:\Arquivos de programas\Java\jre1.5.0_10\bin\zip.dll
0x6d000000 - 0x6d169000 	C:\Arquivos de programas\Java\jre1.5.0_10\bin\awt.dll
0x72fb0000 - 0x72fd6000 	C:\WINDOWS\system32\WINSPOOL.DRV
0x76360000 - 0x7637d000 	C:\WINDOWS\system32\IMM32.dll
0x774c0000 - 0x775fc000 	C:\WINDOWS\system32\ole32.dll
0x5b1c0000 - 0x5b1f8000 	C:\WINDOWS\system32\uxtheme.dll
0x73710000 - 0x73759000 	C:\WINDOWS\system32\ddraw.dll
0x73b70000 - 0x73b76000 	C:\WINDOWS\system32\DCIMAN32.dll
0x6d240000 - 0x6d280000 	C:\Arquivos de programas\Java\jre1.5.0_10\bin\fontmanager.dll
0x746e0000 - 0x7472b000 	C:\WINDOWS\system32\MSCTF.dll
0x65780000 - 0x657a3000 	C:\Arquivos de programas\Alwil Software\Avast4\AhJsctNs.dll

VM Arguments:
java_command: br.com.provacBeta.guiProvacina.TelaFuncionario
Launcher Type: SUN_STANDARD

Environment Variables:
PATH=C:\WINDOWS\system32;C:\WINDOWS;C:\WINDOWS\System32\Wbem
USERNAME=Usuario
OS=Windows_NT
PROCESSOR_IDENTIFIER=x86 Family 15 Model 6 Stepping 5, GenuineIntel



---------------  S Y S T E M  ---------------

OS: Windows XP Build 2600 Service Pack 2

CPU:total 2 (cores per cpu 1, threads per core 2) family 15 model 6 stepping 5, cmov, cx8, fxsr, mmx, sse, sse2, sse3, ht

Memory: 4k page, physical 490796k(73380k free), swap 1787780k(5152k free)

vm_info: Java HotSpot(TM) Client VM (1.5.0_10-b03) for windows-x86, built on Nov  9 2006 13:13:34 by "java_re" with MS VC++ 6.0

